<html>
<head>
<title>TestNG:  e-Commarce Test Cases</title>
<link href="../testng.css" rel="stylesheet" type="text/css" />
<link href="../my-testng.css" rel="stylesheet" type="text/css" />

<style type="text/css">
.log { display: none;} 
.stack-trace { display: none;} 
</style>
<script type="text/javascript">
<!--
function flip(e) {
  current = e.style.display;
  if (current == 'block') {
    e.style.display = 'none';
    return 0;
  }
  else {
    e.style.display = 'block';
    return 1;
  }
}

function toggleBox(szDivId, elem, msg1, msg2)
{
  var res = -1;  if (document.getElementById) {
    res = flip(document.getElementById(szDivId));
  }
  else if (document.all) {
    // this is the way old msie versions work
    res = flip(document.all[szDivId]);
  }
  if(elem) {
    if(res == 0) elem.innerHTML = msg1; else elem.innerHTML = msg2;
  }

}

function toggleAllBoxes() {
  if (document.getElementsByTagName) {
    d = document.getElementsByTagName('div');
    for (i = 0; i < d.length; i++) {
      if (d[i].className == 'log') {
        flip(d[i]);
      }
    }
  }
}

// -->
</script>

</head>
<body>
<h2 align='center'>e-Commarce Test Cases</h2><table border='1' align="center">
<tr>
<td>Tests passed/Failed/Skipped:</td><td>19/1/0</td>
</tr><tr>
<td>Started on:</td><td>Tue Mar 05 19:05:33 IST 2024</td>
</tr>
<tr><td>Total time:</td><td>374 seconds (374739 ms)</td>
</tr><tr>
<td>Included groups:</td><td></td>
</tr><tr>
<td>Excluded groups:</td><td></td>
</tr>
</table><p/>
<small><i>(Hover the method name to see the test class name)</i></small><p/>
<table width='100%' border='1' class='invocation-failed'>
<tr><td colspan='4' align='center'><b>FAILED TESTS</b></td></tr>
<tr><td><b>Test method</b></td>
<td><b>Attribute(s)</b></td>
<td width="30%"><b>Exception</b></td>
<td width="10%"><b>Time (seconds)</b></td>
<td><b>Instance</b></td>
</tr>
<tr>
<td title='com.qa.tests.LoginTest.getNewUserRegistration()'><b>getNewUserRegistration</b><br>Test class: com.qa.tests.LoginTest</td>
<td><div><pre>org.openqa.selenium.NoSuchElementException: no such element: Unable to locate element: {&quot;method&quot;:&quot;xpath&quot;,&quot;selector&quot;:&quot;//h1[text()=&apos;Account Created Successfully&apos;]&quot;}
  (Session info: chrome=122.0.6261.95)
For documentation on this error, please visit: https://www.selenium.dev/documentation/webdriver/troubleshooting/errors#no-such-element-exception
Build info: version: &apos;4.10.0&apos;, revision: &apos;c14d967899&apos;
System info: os.name: &apos;Windows 10&apos;, os.arch: &apos;amd64&apos;, os.version: &apos;10.0&apos;, java.version: &apos;17.0.8&apos;
Driver info: org.openqa.selenium.chrome.ChromeDriver
Command: [0db77713a06cb3b17a519364ac4010ee, findElement {using=xpath, value=//h1[text()=&apos;Account Created Successfully&apos;]}]
Capabilities {acceptInsecureCerts: false, browserName: chrome, browserVersion: 122.0.6261.95, chrome: {chromedriverVersion: 122.0.6261.94 (880dbf29479c..., userDataDir: C:\Users\Abhay\AppData\Loca...}, fedcm:accounts: true, goog:chromeOptions: {debuggerAddress: localhost:56424}, networkConnectionEnabled: false, pageLoadStrategy: normal, platformName: windows, proxy: Proxy(), se:cdp: ws://localhost:56424/devtoo..., se:cdpVersion: 122.0.6261.95, setWindowRect: true, strictFileInteractability: false, timeouts: {implicit: 0, pageLoad: 300000, script: 30000}, unhandledPromptBehavior: dismiss and notify, webauthn:extension:credBlob: true, webauthn:extension:largeBlob: true, webauthn:extension:minPinLength: true, webauthn:extension:prf: true, webauthn:virtualAuthenticators: true}
Session ID: 0db77713a06cb3b17a519364ac4010ee
	at org.openqa.selenium.remote.codec.w3c.W3CHttpResponseCodec.createException(W3CHttpResponseCodec.java:199)
	at org.openqa.selenium.remote.codec.w3c.W3CHttpResponseCodec.decode(W3CHttpResponseCodec.java:132)
	at org.openqa.selenium.remote.codec.w3c.W3CHttpResponseCodec.decode(W3CHttpResponseCodec.java:51)
	at org.openqa.selenium.remote.HttpCommandExecutor.execute(HttpCommandExecutor.java:191)
	at org.openqa.selenium.remote.service.DriverCommandExecutor.invokeExecute(DriverCommandExecutor.java:196)
	at org.openqa.selenium.remote.service.DriverCommandExecutor.execute(DriverCommandExecutor.java:171)
	at org.openqa.selenium.remote.RemoteWebDriver.execute(RemoteWebDriver.java:531)
	at org.openqa.selenium.remote.ElementLocation$ElementFinder$2.findElement(ElementLocation.java:165)
	at org.openqa.selenium.remote.ElementLocation.findElement(ElementLocation.java:59)
	at org.openqa.selenium.remote.RemoteWebDriver.findElement(RemoteWebDriver.java:350)
	at org.openqa.selenium.remote.RemoteWebDriver.findElement(RemoteWebDriver.java:344)
	at org.openqa.selenium.support.pagefactory.DefaultElementLocator.findElement(DefaultElementLocator.java:68)
	at org.openqa.selenium.support.pagefactory.internal.LocatingElementHandler.invoke(LocatingElementHandler.java:38)
	at jdk.proxy2/jdk.proxy2.$Proxy19.getText(Unknown Source)
	at com.qa.pages.LoginPage.verifyNewUserRegvalidationMessage(LoginPage.java:118)
	at com.qa.tests.LoginTest.getNewUserRegistration(LoginTest.java:60)
	at java.base/java.util.ArrayList.forEach(ArrayList.java:1511)
... Removed 32 stack frames</pre></div><a href='#' onClick='toggleBox("stack-trace765990740", this, "Click to show all stack frames", "Click to hide stack frames")'>Click to show all stack frames</a>
<div class='stack-trace' id='stack-trace765990740'><pre>org.openqa.selenium.NoSuchElementException: no such element: Unable to locate element: {&quot;method&quot;:&quot;xpath&quot;,&quot;selector&quot;:&quot;//h1[text()=&apos;Account Created Successfully&apos;]&quot;}
  (Session info: chrome=122.0.6261.95)
For documentation on this error, please visit: https://www.selenium.dev/documentation/webdriver/troubleshooting/errors#no-such-element-exception
Build info: version: &apos;4.10.0&apos;, revision: &apos;c14d967899&apos;
System info: os.name: &apos;Windows 10&apos;, os.arch: &apos;amd64&apos;, os.version: &apos;10.0&apos;, java.version: &apos;17.0.8&apos;
Driver info: org.openqa.selenium.chrome.ChromeDriver
Command: [0db77713a06cb3b17a519364ac4010ee, findElement {using=xpath, value=//h1[text()=&apos;Account Created Successfully&apos;]}]
Capabilities {acceptInsecureCerts: false, browserName: chrome, browserVersion: 122.0.6261.95, chrome: {chromedriverVersion: 122.0.6261.94 (880dbf29479c..., userDataDir: C:\Users\Abhay\AppData\Loca...}, fedcm:accounts: true, goog:chromeOptions: {debuggerAddress: localhost:56424}, networkConnectionEnabled: false, pageLoadStrategy: normal, platformName: windows, proxy: Proxy(), se:cdp: ws://localhost:56424/devtoo..., se:cdpVersion: 122.0.6261.95, setWindowRect: true, strictFileInteractability: false, timeouts: {implicit: 0, pageLoad: 300000, script: 30000}, unhandledPromptBehavior: dismiss and notify, webauthn:extension:credBlob: true, webauthn:extension:largeBlob: true, webauthn:extension:minPinLength: true, webauthn:extension:prf: true, webauthn:virtualAuthenticators: true}
Session ID: 0db77713a06cb3b17a519364ac4010ee
	at java.base/jdk.internal.reflect.NativeConstructorAccessorImpl.newInstance0(Native Method)
	at java.base/jdk.internal.reflect.NativeConstructorAccessorImpl.newInstance(NativeConstructorAccessorImpl.java:77)
	at java.base/jdk.internal.reflect.DelegatingConstructorAccessorImpl.newInstance(DelegatingConstructorAccessorImpl.java:45)
	at java.base/java.lang.reflect.Constructor.newInstanceWithCaller(Constructor.java:499)
	at java.base/java.lang.reflect.Constructor.newInstance(Constructor.java:480)
	at org.openqa.selenium.remote.codec.w3c.W3CHttpResponseCodec.createException(W3CHttpResponseCodec.java:199)
	at org.openqa.selenium.remote.codec.w3c.W3CHttpResponseCodec.decode(W3CHttpResponseCodec.java:132)
	at org.openqa.selenium.remote.codec.w3c.W3CHttpResponseCodec.decode(W3CHttpResponseCodec.java:51)
	at org.openqa.selenium.remote.HttpCommandExecutor.execute(HttpCommandExecutor.java:191)
	at org.openqa.selenium.remote.service.DriverCommandExecutor.invokeExecute(DriverCommandExecutor.java:196)
	at org.openqa.selenium.remote.service.DriverCommandExecutor.execute(DriverCommandExecutor.java:171)
	at org.openqa.selenium.remote.RemoteWebDriver.execute(RemoteWebDriver.java:531)
	at org.openqa.selenium.remote.ElementLocation$ElementFinder$2.findElement(ElementLocation.java:165)
	at org.openqa.selenium.remote.ElementLocation.findElement(ElementLocation.java:59)
	at org.openqa.selenium.remote.RemoteWebDriver.findElement(RemoteWebDriver.java:350)
	at org.openqa.selenium.remote.RemoteWebDriver.findElement(RemoteWebDriver.java:344)
	at org.openqa.selenium.support.pagefactory.DefaultElementLocator.findElement(DefaultElementLocator.java:68)
	at org.openqa.selenium.support.pagefactory.internal.LocatingElementHandler.invoke(LocatingElementHandler.java:38)
	at jdk.proxy2/jdk.proxy2.$Proxy19.getText(Unknown Source)
	at com.qa.pages.LoginPage.verifyNewUserRegvalidationMessage(LoginPage.java:118)
	at com.qa.tests.LoginTest.getNewUserRegistration(LoginTest.java:60)
	at java.base/jdk.internal.reflect.NativeMethodAccessorImpl.invoke0(Native Method)
	at java.base/jdk.internal.reflect.NativeMethodAccessorImpl.invoke(NativeMethodAccessorImpl.java:77)
	at java.base/jdk.internal.reflect.DelegatingMethodAccessorImpl.invoke(DelegatingMethodAccessorImpl.java:43)
	at java.base/java.lang.reflect.Method.invoke(Method.java:568)
	at org.testng.internal.invokers.MethodInvocationHelper.invokeMethod(MethodInvocationHelper.java:139)
	at org.testng.internal.invokers.TestInvoker.invokeMethod(TestInvoker.java:664)
	at org.testng.internal.invokers.TestInvoker.invokeTestMethod(TestInvoker.java:227)
	at org.testng.internal.invokers.MethodRunner.runInSequence(MethodRunner.java:50)
	at org.testng.internal.invokers.TestInvoker$MethodInvocationAgent.invoke(TestInvoker.java:957)
	at org.testng.internal.invokers.TestInvoker.invokeTestMethods(TestInvoker.java:200)
	at org.testng.internal.invokers.TestMethodWorker.invokeTestMethods(TestMethodWorker.java:148)
	at org.testng.internal.invokers.TestMethodWorker.run(TestMethodWorker.java:128)
	at java.base/java.util.ArrayList.forEach(ArrayList.java:1511)
	at org.testng.TestRunner.privateRun(TestRunner.java:848)
	at org.testng.TestRunner.run(TestRunner.java:621)
	at org.testng.SuiteRunner.runTest(SuiteRunner.java:443)
	at org.testng.SuiteRunner.runSequentially(SuiteRunner.java:437)
	at org.testng.SuiteRunner.privateRun(SuiteRunner.java:397)
	at org.testng.SuiteRunner.run(SuiteRunner.java:336)
	at org.testng.SuiteRunnerWorker.runSuite(SuiteRunnerWorker.java:52)
	at org.testng.SuiteRunnerWorker.run(SuiteRunnerWorker.java:95)
	at org.testng.TestNG.runSuitesSequentially(TestNG.java:1280)
	at org.testng.TestNG.runSuitesLocally(TestNG.java:1200)
	at org.testng.TestNG.runSuites(TestNG.java:1114)
	at org.testng.TestNG.run(TestNG.java:1082)
	at org.testng.remote.AbstractRemoteTestNG.run(AbstractRemoteTestNG.java:115)
	at org.testng.remote.RemoteTestNG.initAndRun(RemoteTestNG.java:251)
	at org.testng.remote.RemoteTestNG.main(RemoteTestNG.java:77)
</pre></div></td>
<td>7</td>
<td>com.qa.tests.LoginTest@1a6c1270</td></tr>
</table><p>
<table width='100%' border='1' class='invocation-passed'>
<tr><td colspan='4' align='center'><b>PASSED TESTS</b></td></tr>
<tr><td><b>Test method</b></td>
<td><b>Attribute(s)</b></td>
<td width="30%"><b>Exception</b></td>
<td width="10%"><b>Time (seconds)</b></td>
<td><b>Instance</b></td>
</tr>
<tr>
<td title='com.qa.tests.OrderPageTest.verifyOrderHistory()'><b>verifyOrderHistory</b><br>Test class: com.qa.tests.OrderPageTest</td>
<td></td>
<td>4</td>
<td>com.qa.tests.OrderPageTest@517566b</td></tr>
<tr>
<td title='com.qa.tests.CartPageTest.verifyContinueButton()'><b>verifyContinueButton</b><br>Test class: com.qa.tests.CartPageTest</td>
<td></td>
<td>13</td>
<td>com.qa.tests.CartPageTest@e8df99a</td></tr>
<tr>
<td title='com.qa.tests.FilterSearchTest.verifyMinMaxSearchFilter()'><b>verifyMinMaxSearchFilter</b><br>Test class: com.qa.tests.FilterSearchTest</td>
<td></td>
<td>7</td>
<td>com.qa.tests.FilterSearchTest@2f40e5db</td></tr>
<tr>
<td title='com.qa.tests.CartPageTest.verifyBuyNowButton()'><b>verifyBuyNowButton</b><br>Test class: com.qa.tests.CartPageTest</td>
<td></td>
<td>11</td>
<td>com.qa.tests.CartPageTest@e8df99a</td></tr>
<tr>
<td title='com.qa.tests.HomePageTest.verifyTopDashboardBtnCount()'><b>verifyTopDashboardBtnCount</b><br>Test class: com.qa.tests.HomePageTest</td>
<td></td>
<td>4</td>
<td>com.qa.tests.HomePageTest@e54303</td></tr>
<tr>
<td title='com.qa.tests.HomePageTest.verifyHomePageIcon()'><b>verifyHomePageIcon</b><br>Test class: com.qa.tests.HomePageTest</td>
<td></td>
<td>4</td>
<td>com.qa.tests.HomePageTest@e54303</td></tr>
<tr>
<td title='com.qa.tests.CartPageTest.verifyCheckOutButton()'><b>verifyCheckOutButton</b><br>Test class: com.qa.tests.CartPageTest</td>
<td></td>
<td>10</td>
<td>com.qa.tests.CartPageTest@e8df99a</td></tr>
<tr>
<td title='com.qa.tests.LoginTest.verifyForgotPasswordLink()'><b>verifyForgotPasswordLink</b><br>Test class: com.qa.tests.LoginTest</td>
<td></td>
<td>0</td>
<td>com.qa.tests.LoginTest@1a6c1270</td></tr>
<tr>
<td title='com.qa.tests.LoginTest.getExistsUserRegistration()'><b>getExistsUserRegistration</b><br>Test class: com.qa.tests.LoginTest</td>
<td></td>
<td>4</td>
<td>com.qa.tests.LoginTest@1a6c1270</td></tr>
<tr>
<td title='com.qa.tests.FilterSearchTest.verifySearchFilter()'><b>verifySearchFilter</b><br>Test class: com.qa.tests.FilterSearchTest</td>
<td></td>
<td>8</td>
<td>com.qa.tests.FilterSearchTest@2f40e5db</td></tr>
<tr>
<td title='com.qa.tests.PaymentPageTest.addPaymentInfo()'><b>addPaymentInfo</b><br>Test class: com.qa.tests.PaymentPageTest</td>
<td></td>
<td>18</td>
<td>com.qa.tests.PaymentPageTest@2dc995f4</td></tr>
<tr>
<td title='com.qa.tests.FilterSearchTest.verifyCheckboxSearchFilter()'><b>verifyCheckboxSearchFilter</b><br>Test class: com.qa.tests.FilterSearchTest</td>
<td></td>
<td>7</td>
<td>com.qa.tests.FilterSearchTest@2f40e5db</td></tr>
<tr>
<td title='com.qa.tests.HomePageTest.getHomePageTitleTest()'><b>getHomePageTitleTest</b><br>Test class: com.qa.tests.HomePageTest</td>
<td></td>
<td>4</td>
<td>com.qa.tests.HomePageTest@e54303</td></tr>
<tr>
<td title='com.qa.tests.LoginTest.loginFailTest()'><b>loginFailTest</b><br>Test class: com.qa.tests.LoginTest</td>
<td></td>
<td>1</td>
<td>com.qa.tests.LoginTest@1a6c1270</td></tr>
<tr>
<td title='com.qa.tests.HomePageTest.verifyItemsCount()'><b>verifyItemsCount</b><br>Test class: com.qa.tests.HomePageTest</td>
<td></td>
<td>4</td>
<td>com.qa.tests.HomePageTest@e54303</td></tr>
<tr>
<td title='com.qa.tests.OrderReceiptPageTest.verifyOrderReceipt()'><b>verifyOrderReceipt</b><br>Test class: com.qa.tests.OrderReceiptPageTest</td>
<td></td>
<td>24</td>
<td>com.qa.tests.OrderReceiptPageTest@64b73e7a</td></tr>
<tr>
<td title='com.qa.tests.HomePageTest.addToCartProduct()'><b>addToCartProduct</b><br>Test class: com.qa.tests.HomePageTest</td>
<td></td>
<td>10</td>
<td>com.qa.tests.HomePageTest@e54303</td></tr>
<tr>
<td title='com.qa.tests.LoginTest.loginTest()'><b>loginTest</b><br>Test class: com.qa.tests.LoginTest</td>
<td></td>
<td>3</td>
<td>com.qa.tests.LoginTest@1a6c1270</td></tr>
<tr>
<td title='com.qa.tests.CartPageTest.verifyDeleteProductButton()'><b>verifyDeleteProductButton</b><br>Test class: com.qa.tests.CartPageTest</td>
<td></td>
<td>14</td>
<td>com.qa.tests.CartPageTest@e8df99a</td></tr>
</table><p>
</body>
</html>