<?xml version="1.0" encoding="UTF-8"?>
<!-- Generated by org.testng.reporters.JUnitXMLReporter -->
<testsuite ignored="0" hostname="LAIMUMLT9002" failures="1" tests="20" name="e-Commarce Test Cases" time="374.739" errors="0" timestamp="2024-03-05T19:11:48 IST">
  <testcase classname="com.qa.tests.LoginTest" name="loginTest" time="3.478"/>
  <testcase classname="com.qa.tests.LoginTest" name="loginFailTest" time="1.213"/>
  <testcase classname="com.qa.tests.LoginTest" name="verifyForgotPasswordLink" time="0.05"/>
  <testcase classname="com.qa.tests.LoginTest" name="getNewUserRegistration" time="7.469">
    <failure type="org.openqa.selenium.NoSuchElementException" message="no such element: Unable to locate element: {&amp;quot;method&amp;quot;:&amp;quot;xpath&amp;quot;,&amp;quot;selector&amp;quot;:&amp;quot;//h1[text()=&amp;apos;Account Created Successfully&amp;apos;]&amp;quot;}
  (Session info: chrome=122.0.6261.95)
For documentation on this error, please visit: https://www.selenium.dev/documentation/webdriver/troubleshooting/errors#no-such-element-exception
Build info: version: &amp;apos;4.10.0&amp;apos;, revision: &amp;apos;c14d967899&amp;apos;
System info: os.name: &amp;apos;Windows 10&amp;apos;, os.arch: &amp;apos;amd64&amp;apos;, os.version: &amp;apos;10.0&amp;apos;, java.version: &amp;apos;17.0.8&amp;apos;
Driver info: org.openqa.selenium.chrome.ChromeDriver
Command: [0db77713a06cb3b17a519364ac4010ee, findElement {using=xpath, value=//h1[text()=&amp;apos;Account Created Successfully&amp;apos;]}]
Capabilities {acceptInsecureCerts: false, browserName: chrome, browserVersion: 122.0.6261.95, chrome: {chromedriverVersion: 122.0.6261.94 (880dbf29479c..., userDataDir: C:\Users\Abhay\AppData\Loca...}, fedcm:accounts: true, goog:chromeOptions: {debuggerAddress: localhost:56424}, networkConnectionEnabled: false, pageLoadStrategy: normal, platformName: windows, proxy: Proxy(), se:cdp: ws://localhost:56424/devtoo..., se:cdpVersion: 122.0.6261.95, setWindowRect: true, strictFileInteractability: false, timeouts: {implicit: 0, pageLoad: 300000, script: 30000}, unhandledPromptBehavior: dismiss and notify, webauthn:extension:credBlob: true, webauthn:extension:largeBlob: true, webauthn:extension:minPinLength: true, webauthn:extension:prf: true, webauthn:virtualAuthenticators: true}
Session ID: 0db77713a06cb3b17a519364ac4010ee">
      <![CDATA[org.openqa.selenium.NoSuchElementException: no such element: Unable to locate element: {"method":"xpath","selector":"//h1[text()='Account Created Successfully']"}
  (Session info: chrome=122.0.6261.95)
For documentation on this error, please visit: https://www.selenium.dev/documentation/webdriver/troubleshooting/errors#no-such-element-exception
Build info: version: '4.10.0', revision: 'c14d967899'
System info: os.name: 'Windows 10', os.arch: 'amd64', os.version: '10.0', java.version: '17.0.8'
Driver info: org.openqa.selenium.chrome.ChromeDriver
Command: [0db77713a06cb3b17a519364ac4010ee, findElement {using=xpath, value=//h1[text()='Account Created Successfully']}]
Capabilities {acceptInsecureCerts: false, browserName: chrome, browserVersion: 122.0.6261.95, chrome: {chromedriverVersion: 122.0.6261.94 (880dbf29479c..., userDataDir: C:\Users\Abhay\AppData\Loca...}, fedcm:accounts: true, goog:chromeOptions: {debuggerAddress: localhost:56424}, networkConnectionEnabled: false, pageLoadStrategy: normal, platformName: windows, proxy: Proxy(), se:cdp: ws://localhost:56424/devtoo..., se:cdpVersion: 122.0.6261.95, setWindowRect: true, strictFileInteractability: false, timeouts: {implicit: 0, pageLoad: 300000, script: 30000}, unhandledPromptBehavior: dismiss and notify, webauthn:extension:credBlob: true, webauthn:extension:largeBlob: true, webauthn:extension:minPinLength: true, webauthn:extension:prf: true, webauthn:virtualAuthenticators: true}
Session ID: 0db77713a06cb3b17a519364ac4010ee
at org.openqa.selenium.remote.codec.w3c.W3CHttpResponseCodec.createException(W3CHttpResponseCodec.java:199)
at org.openqa.selenium.remote.codec.w3c.W3CHttpResponseCodec.decode(W3CHttpResponseCodec.java:132)
at org.openqa.selenium.remote.codec.w3c.W3CHttpResponseCodec.decode(W3CHttpResponseCodec.java:51)
at org.openqa.selenium.remote.HttpCommandExecutor.execute(HttpCommandExecutor.java:191)
at org.openqa.selenium.remote.service.DriverCommandExecutor.invokeExecute(DriverCommandExecutor.java:196)
at org.openqa.selenium.remote.service.DriverCommandExecutor.execute(DriverCommandExecutor.java:171)
at org.openqa.selenium.remote.RemoteWebDriver.execute(RemoteWebDriver.java:531)
at org.openqa.selenium.remote.ElementLocation$ElementFinder$2.findElement(ElementLocation.java:165)
at org.openqa.selenium.remote.ElementLocation.findElement(ElementLocation.java:59)
at org.openqa.selenium.remote.RemoteWebDriver.findElement(RemoteWebDriver.java:350)
at org.openqa.selenium.remote.RemoteWebDriver.findElement(RemoteWebDriver.java:344)
at org.openqa.selenium.support.pagefactory.DefaultElementLocator.findElement(DefaultElementLocator.java:68)
at org.openqa.selenium.support.pagefactory.internal.LocatingElementHandler.invoke(LocatingElementHandler.java:38)
at jdk.proxy2/jdk.proxy2.$Proxy19.getText(Unknown Source)
at com.qa.pages.LoginPage.verifyNewUserRegvalidationMessage(LoginPage.java:118)
at com.qa.tests.LoginTest.getNewUserRegistration(LoginTest.java:60)
at java.base/java.util.ArrayList.forEach(ArrayList.java:1511)
... Removed 32 stack frames]]>
    </failure>
  </testcase> <!-- getNewUserRegistration -->
  <testcase classname="com.qa.tests.LoginTest" name="getExistsUserRegistration" time="4.466"/>
  <testcase classname="com.qa.tests.HomePageTest" name="getHomePageTitleTest" time="4.432"/>
  <testcase classname="com.qa.tests.HomePageTest" name="verifyHomePageIcon" time="4.427"/>
  <testcase classname="com.qa.tests.HomePageTest" name="verifyTopDashboardBtnCount" time="4.45"/>
  <testcase classname="com.qa.tests.HomePageTest" name="verifyItemsCount" time="4.411"/>
  <testcase classname="com.qa.tests.HomePageTest" name="addToCartProduct" time="10.253"/>
  <testcase classname="com.qa.tests.CartPageTest" name="verifyContinueButton" time="13.165"/>
  <testcase classname="com.qa.tests.CartPageTest" name="verifyCheckOutButton" time="10.83"/>
  <testcase classname="com.qa.tests.CartPageTest" name="verifyBuyNowButton" time="11.245"/>
  <testcase classname="com.qa.tests.CartPageTest" name="verifyDeleteProductButton" time="14.898"/>
  <testcase classname="com.qa.tests.PaymentPageTest" name="addPaymentInfo" time="18.959"/>
  <testcase classname="com.qa.tests.FilterSearchTest" name="verifySearchFilter" time="8.8"/>
  <testcase classname="com.qa.tests.FilterSearchTest" name="verifyMinMaxSearchFilter" time="7.908"/>
  <testcase classname="com.qa.tests.FilterSearchTest" name="verifyCheckboxSearchFilter" time="7.671"/>
  <testcase classname="com.qa.tests.OrderPageTest" name="verifyOrderHistory" time="4.843"/>
  <testcase classname="com.qa.tests.OrderReceiptPageTest" name="verifyOrderReceipt" time="24.838"/>
</testsuite> <!-- e-Commarce Test Cases -->
